0 s: Info: /Doulos/Debug: Debugging ENABLED 0b00000000000000000000000000000000000000000000000000000000000000001
0 s: Info: /Doulos/Debug: Processing -tPeriod=10ns
0 s: Info: /Doulos/timer: Timer(global): Elaboration took took 1.317ms
0 s: Info: /Doulos/debugging_systemc/top: --------------------------------------------------------------------------------
Configuration
-------------
        Verbosity: DEBUG
        Injecting: false
          Tracing: false
--------------------------------------------------------------------------------
0 s: Info: /Doulos/Objection: Raising objection top.producer at 0 s
1 ns: Info: /Doulos/debugging_systemc/producer: At 1 ns sent { id:6 data:813832908 }
1 ns: Info: /Doulos/Objection: Raising objection top.consumer at 1 ns
1 ns: Info: /Doulos/debugging_systemc/consumer: At 1 ns received { id:6 data:813832908 }
1 ns: Info: /Doulos/Objection: Dropping objection top.consumer at 1 ns
2 ns: Info: /Doulos/debugging_systemc/producer: At 2 ns sent { id:6 data:1133028895 }
2 ns: Info: /Doulos/Objection: Raising objection top.consumer at 2 ns
2 ns: Info: /Doulos/debugging_systemc/consumer: At 2 ns received { id:6 data:1133028895 }
2 ns: Info: /Doulos/Objection: Dropping objection top.consumer at 2 ns
3 ns: Info: /Doulos/debugging_systemc/producer: At 3 ns sent { id:6 data:115355692 }
3 ns: Info: /Doulos/Objection: Raising objection top.consumer at 3 ns
3 ns: Info: /Doulos/debugging_systemc/consumer: At 3 ns received { id:6 data:115355692 }
3 ns: Info: /Doulos/Objection: Dropping objection top.consumer at 3 ns
4 ns: Info: /Doulos/debugging_systemc/producer: At 4 ns sent { id:6 data:1016140783 }
4 ns: Info: /Doulos/Objection: Raising objection top.consumer at 4 ns
4 ns: Info: /Doulos/debugging_systemc/consumer: At 4 ns received { id:6 data:1016140783 }
4 ns: Info: /Doulos/Objection: Dropping objection top.consumer at 4 ns
5 ns: Info: /Doulos/debugging_systemc/producer: At 5 ns sent { id:6 data:297061602 }
5 ns: Info: /Doulos/Objection: Raising objection top.consumer at 5 ns
5 ns: Info: /Doulos/debugging_systemc/consumer: At 5 ns received { id:6 data:297061602 }
5 ns: Info: /Doulos/Objection: Dropping objection top.consumer at 5 ns
6 ns: Info: /Doulos/debugging_systemc/producer: At 6 ns sent { id:6 data:972822950 }
6 ns: Info: /Doulos/Objection: Raising objection top.consumer at 6 ns
6 ns: Info: /Doulos/debugging_systemc/consumer: At 6 ns received { id:6 data:972822950 }
6 ns: Info: /Doulos/Objection: Dropping objection top.consumer at 6 ns
7 ns: Info: /Doulos/debugging_systemc/producer: At 7 ns sent { id:6 data:1768870782 }
7 ns: Info: /Doulos/Objection: Raising objection top.consumer at 7 ns
7 ns: Info: /Doulos/debugging_systemc/consumer: At 7 ns received { id:6 data:1768870782 }
7 ns: Info: /Doulos/Objection: Dropping objection top.consumer at 7 ns
8 ns: Info: /Doulos/debugging_systemc/producer: At 8 ns sent { id:6 data:1505552993 }
8 ns: Info: /Doulos/Objection: Raising objection top.consumer at 8 ns
8 ns: Info: /Doulos/debugging_systemc/consumer: At 8 ns received { id:6 data:1505552993 }
8 ns: Info: /Doulos/Objection: Dropping objection top.consumer at 8 ns
9 ns: Info: /Doulos/debugging_systemc/producer: At 9 ns sent { id:6 data:739115261 }
9 ns: Info: /Doulos/Objection: Raising objection top.consumer at 9 ns
9 ns: Info: /Doulos/debugging_systemc/consumer: At 9 ns received { id:6 data:739115261 }
9 ns: Info: /Doulos/Objection: Dropping objection top.consumer at 9 ns
10 ns: Info: /Doulos/debugging_systemc/producer: At 10 ns sent { id:6 data:997343763 }
10 ns: Info: /Doulos/Objection: Raising objection top.consumer at 10 ns
10 ns: Info: /Doulos/debugging_systemc/consumer: At 10 ns received { id:6 data:997343763 }
10 ns: Info: /Doulos/Objection: Dropping objection top.consumer at 10 ns
11 ns: Info: /Doulos/Objection: Dropping objection top.producer at 11 ns
11 ns: Info: /OSCI/SystemC: Simulation stopped by user.
11 ns: Info: /Doulos/timer: Timer(global): Simulation took took 8.42ms
11 ns: Info: /Doulos/debugging_systemc/top: Transmit & receive transaction counts match
11 ns: Info: /Doulos/debugging_systemc/main: Total messages: 52
11 ns: Info: /Doulos/debugging_systemc/top: 
Run-time options
----------------
  --debug -tPeriod=10ns

Status report
-------------
[92m[1m  No errors - simulation SUCCESS.[0m
11 ns: Info: /Doulos/timer: Timer(global): took 8.557ms
